<?xml version="1.0" encoding="UTF-8"?>
<!-- Generated by org.testng.reporters.JUnitXMLReporter -->
<testsuite ignored="0" hostname="Winstons-MBP" failures="0" tests="1" name="GoogleTest" time="0.088" errors="0" timestamp="03 Jul 2020 09:29:19 GMT">
  <testcase classname="testPackage.GoogleTest" name="@BeforeMethod setUp" time="0.0">
    <failure type="org.testng.TestNGException" message="
Can inject only one of &amp;lt;ITestContext, XmlTest, Method, Object[]&amp;gt; into a BeforeMethod annotated setUp.
For more information on native dependency injection please refer to http://testng.org/doc/documentation-main.html#native-dependency-injection">
      <![CDATA[org.testng.TestNGException: 
Can inject only one of <ITestContext, XmlTest, Method, Object[]> into a BeforeMethod annotated setUp.
For more information on native dependency injection please refer to http://testng.org/doc/documentation-main.html#native-dependency-injection
... Removed 25 stack frames]]>
    </failure>
  </testcase> <!-- @BeforeMethod setUp -->
  <testcase classname="testPackage.GoogleTest" name="clickLogin" time="0.0">
    <skipped/>
  </testcase> <!-- clickLogin -->
</testsuite> <!-- GoogleTest -->
